10:31:36.226641 execve("./hello", ["./hello"], 0x7fffb9e8ce18 /* 53 vars */) = 0
10:31:36.227515 brk(NULL)               = 0x559d67d7a000
10:31:36.227641 access("/etc/ld.so.nohwcap", F_OK) = -1 ENOENT (No such file or directory)
10:31:36.227770 access("/etc/ld.so.preload", R_OK) = -1 ENOENT (No such file or directory)
10:31:36.227876 openat(AT_FDCWD, "/etc/ld.so.cache", O_RDONLY|O_CLOEXEC) = 3
10:31:36.228043 fstat(3, {st_mode=S_IFREG|0644, st_size=81648, ...}) = 0
10:31:36.228151 mmap(NULL, 81648, PROT_READ, MAP_PRIVATE, 3, 0) = 0x7fd8597dd000
10:31:36.228243 close(3)                = 0
10:31:36.228331 access("/etc/ld.so.nohwcap", F_OK) = -1 ENOENT (No such file or directory)
10:31:36.228439 openat(AT_FDCWD, "/lib/x86_64-linux-gnu/libc.so.6", O_RDONLY|O_CLOEXEC) = 3
10:31:36.228545 read(3, "\177ELF\2\1\1\3\0\0\0\0\0\0\0\0\3\0>\0\1\0\0\0\260\34\2\0\0\0\0\0"..., 832) = 832
10:31:36.228644 fstat(3, {st_mode=S_IFREG|0755, st_size=2030544, ...}) = 0
10:31:36.228741 mmap(NULL, 8192, PROT_READ|PROT_WRITE, MAP_PRIVATE|MAP_ANONYMOUS, -1, 0) = 0x7fd8597db000
10:31:36.228845 mmap(NULL, 4131552, PROT_READ|PROT_EXEC, MAP_PRIVATE|MAP_DENYWRITE, 3, 0) = 0x7fd8591d9000
10:31:36.228939 mprotect(0x7fd8593c0000, 2097152, PROT_NONE) = 0
10:31:36.229042 mmap(0x7fd8595c0000, 24576, PROT_READ|PROT_WRITE, MAP_PRIVATE|MAP_FIXED|MAP_DENYWRITE, 3, 0x1e7000) = 0x7fd8595c0000
10:31:36.229154 mmap(0x7fd8595c6000, 15072, PROT_READ|PROT_WRITE, MAP_PRIVATE|MAP_FIXED|MAP_ANONYMOUS, -1, 0) = 0x7fd8595c6000
10:31:36.229268 close(3)                = 0
10:31:36.229387 arch_prctl(ARCH_SET_FS, 0x7fd8597dc4c0) = 0
10:31:36.229571 mprotect(0x7fd8595c0000, 16384, PROT_READ) = 0
10:31:36.229675 mprotect(0x559d67735000, 4096, PROT_READ) = 0
10:31:36.229771 mprotect(0x7fd8597f1000, 4096, PROT_READ) = 0
10:31:36.229862 munmap(0x7fd8597dd000, 81648) = 0
10:31:36.230025 fstat(1, {st_mode=S_IFCHR|0620, st_rdev=makedev(136, 1), ...}) = 0
10:31:36.230209 brk(NULL)               = 0x559d67d7a000
10:31:36.230298 brk(0x559d67d9b000)     = 0x559d67d9b000
10:31:36.230362 write(1, "hello world\n", 12) = 12
10:31:36.230462 exit_group(0)           = ?
10:31:36.230651 +++ exited with 0 +++
